0 info it worked if it ends with ok
1 verbose cli [ '/home/ubuntu/.nvm/v0.10.35/bin/node',
1 verbose cli   '/home/ubuntu/.nvm/v0.10.35/bin/npm',
1 verbose cli   'install' ]
2 info using npm@1.4.28
3 info using node@v0.10.35
4 verbose readDependencies using package.json deps
5 verbose install where, deps [ '/home/ubuntu/workspace',
5 verbose install   [ 'async', 'express', 'jssha', 'socket.io', 'mongodb', 'mongoose' ] ]
6 info preinstall push-messenger@0.0.0
7 verbose readDependencies using package.json deps
8 verbose cache add [ 'mongodb@~2.6.9', null ]
9 verbose cache add name=undefined spec="mongodb@~2.6.9" args=["mongodb@~2.6.9",null]
10 verbose parsed url { protocol: null,
10 verbose parsed url   slashes: null,
10 verbose parsed url   auth: null,
10 verbose parsed url   host: null,
10 verbose parsed url   port: null,
10 verbose parsed url   hostname: null,
10 verbose parsed url   hash: null,
10 verbose parsed url   search: null,
10 verbose parsed url   query: null,
10 verbose parsed url   pathname: 'mongodb@~2.6.9',
10 verbose parsed url   path: 'mongodb@~2.6.9',
10 verbose parsed url   href: 'mongodb@~2.6.9' }
11 verbose already installed skipping mongoose@~4.1.6 /home/ubuntu/workspace
12 verbose cache add name="mongodb" spec="~2.6.9" args=["mongodb","~2.6.9"]
13 verbose parsed url { protocol: null,
13 verbose parsed url   slashes: null,
13 verbose parsed url   auth: null,
13 verbose parsed url   host: null,
13 verbose parsed url   port: null,
13 verbose parsed url   hostname: null,
13 verbose parsed url   hash: null,
13 verbose parsed url   search: null,
13 verbose parsed url   query: null,
13 verbose parsed url   pathname: '~2.6.9',
13 verbose parsed url   path: '~2.6.9',
13 verbose parsed url   href: '~2.6.9' }
14 verbose addNamed [ 'mongodb', '~2.6.9' ]
15 verbose addNamed [ null, '>=2.6.9-0 <2.7.0-0' ]
16 silly lockFile 695b85d8-mongodb-2-6-9 mongodb@~2.6.9
17 verbose lock mongodb@~2.6.9 /home/ubuntu/.npm/695b85d8-mongodb-2-6-9.lock
18 silly addNameRange { name: 'mongodb', range: '>=2.6.9-0 <2.7.0-0', hasData: false }
19 verbose cache add [ 'async@~1.4.2', null ]
20 verbose cache add name=undefined spec="async@~1.4.2" args=["async@~1.4.2",null]
21 verbose parsed url { protocol: null,
21 verbose parsed url   slashes: null,
21 verbose parsed url   auth: null,
21 verbose parsed url   host: null,
21 verbose parsed url   port: null,
21 verbose parsed url   hostname: null,
21 verbose parsed url   hash: null,
21 verbose parsed url   search: null,
21 verbose parsed url   query: null,
21 verbose parsed url   pathname: 'async@~1.4.2',
21 verbose parsed url   path: 'async@~1.4.2',
21 verbose parsed url   href: 'async@~1.4.2' }
22 verbose cache add [ 'express@~4.13.3', null ]
23 verbose cache add name=undefined spec="express@~4.13.3" args=["express@~4.13.3",null]
24 verbose parsed url { protocol: null,
24 verbose parsed url   slashes: null,
24 verbose parsed url   auth: null,
24 verbose parsed url   host: null,
24 verbose parsed url   port: null,
24 verbose parsed url   hostname: null,
24 verbose parsed url   hash: null,
24 verbose parsed url   search: null,
24 verbose parsed url   query: null,
24 verbose parsed url   pathname: 'express@~4.13.3',
24 verbose parsed url   path: 'express@~4.13.3',
24 verbose parsed url   href: 'express@~4.13.3' }
25 verbose already installed skipping jssha@^2.0.1 /home/ubuntu/workspace
26 verbose cache add name="async" spec="~1.4.2" args=["async","~1.4.2"]
27 verbose parsed url { protocol: null,
27 verbose parsed url   slashes: null,
27 verbose parsed url   auth: null,
27 verbose parsed url   host: null,
27 verbose parsed url   port: null,
27 verbose parsed url   hostname: null,
27 verbose parsed url   hash: null,
27 verbose parsed url   search: null,
27 verbose parsed url   query: null,
27 verbose parsed url   pathname: '~1.4.2',
27 verbose parsed url   path: '~1.4.2',
27 verbose parsed url   href: '~1.4.2' }
28 verbose addNamed [ 'async', '~1.4.2' ]
29 verbose addNamed [ null, '>=1.4.2-0 <1.5.0-0' ]
30 silly lockFile bb9d088e-async-1-4-2 async@~1.4.2
31 verbose lock async@~1.4.2 /home/ubuntu/.npm/bb9d088e-async-1-4-2.lock
32 verbose cache add name="express" spec="~4.13.3" args=["express","~4.13.3"]
33 verbose parsed url { protocol: null,
33 verbose parsed url   slashes: null,
33 verbose parsed url   auth: null,
33 verbose parsed url   host: null,
33 verbose parsed url   port: null,
33 verbose parsed url   hostname: null,
33 verbose parsed url   hash: null,
33 verbose parsed url   search: null,
33 verbose parsed url   query: null,
33 verbose parsed url   pathname: '~4.13.3',
33 verbose parsed url   path: '~4.13.3',
33 verbose parsed url   href: '~4.13.3' }
34 verbose addNamed [ 'express', '~4.13.3' ]
35 verbose addNamed [ null, '>=4.13.3-0 <4.14.0-0' ]
36 silly lockFile 90e6d034-express-4-13-3 express@~4.13.3
37 verbose lock express@~4.13.3 /home/ubuntu/.npm/90e6d034-express-4-13-3.lock
38 verbose cache add [ 'socket.io@~1.3.7', null ]
39 verbose cache add name=undefined spec="socket.io@~1.3.7" args=["socket.io@~1.3.7",null]
40 verbose parsed url { protocol: null,
40 verbose parsed url   slashes: null,
40 verbose parsed url   auth: null,
40 verbose parsed url   host: null,
40 verbose parsed url   port: null,
40 verbose parsed url   hostname: null,
40 verbose parsed url   hash: null,
40 verbose parsed url   search: null,
40 verbose parsed url   query: null,
40 verbose parsed url   pathname: 'socket.io@~1.3.7',
40 verbose parsed url   path: 'socket.io@~1.3.7',
40 verbose parsed url   href: 'socket.io@~1.3.7' }
41 verbose cache add name="socket.io" spec="~1.3.7" args=["socket.io","~1.3.7"]
42 verbose parsed url { protocol: null,
42 verbose parsed url   slashes: null,
42 verbose parsed url   auth: null,
42 verbose parsed url   host: null,
42 verbose parsed url   port: null,
42 verbose parsed url   hostname: null,
42 verbose parsed url   hash: null,
42 verbose parsed url   search: null,
42 verbose parsed url   query: null,
42 verbose parsed url   pathname: '~1.3.7',
42 verbose parsed url   path: '~1.3.7',
42 verbose parsed url   href: '~1.3.7' }
43 verbose addNamed [ 'socket.io', '~1.3.7' ]
44 verbose addNamed [ null, '>=1.3.7-0 <1.4.0-0' ]
45 silly lockFile 7be0b783-socket-io-1-3-7 socket.io@~1.3.7
46 verbose lock socket.io@~1.3.7 /home/ubuntu/.npm/7be0b783-socket-io-1-3-7.lock
47 silly addNameRange { name: 'async', range: '>=1.4.2-0 <1.5.0-0', hasData: false }
48 silly addNameRange { name: 'express',
48 silly addNameRange   range: '>=4.13.3-0 <4.14.0-0',
48 silly addNameRange   hasData: false }
49 silly addNameRange { name: 'socket.io',
49 silly addNameRange   range: '>=1.3.7-0 <1.4.0-0',
49 silly addNameRange   hasData: false }
50 verbose request where is /mongodb
51 verbose request registry https://registry.npmjs.org/
52 verbose request id a209262ca2fd6bd1
53 verbose url raw /mongodb
54 verbose url resolving [ 'https://registry.npmjs.org/', './mongodb' ]
55 verbose url resolved https://registry.npmjs.org/mongodb
56 verbose request where is https://registry.npmjs.org/mongodb
57 info trying registry request attempt 1 at 08:52:24
58 verbose etag "3PY7TY7313TMI00UAX0V9FWBY"
59 http GET https://registry.npmjs.org/mongodb
60 verbose request where is /async
61 verbose request registry https://registry.npmjs.org/
62 verbose url raw /async
63 verbose url resolving [ 'https://registry.npmjs.org/', './async' ]
64 verbose url resolved https://registry.npmjs.org/async
65 verbose request where is https://registry.npmjs.org/async
66 info trying registry request attempt 1 at 08:52:24
67 verbose etag "9JE9CN171O471IETS1S5ZBSI8"
68 http GET https://registry.npmjs.org/async
69 verbose request where is /socket.io
70 verbose request registry https://registry.npmjs.org/
71 verbose url raw /socket.io
72 verbose url resolving [ 'https://registry.npmjs.org/', './socket.io' ]
73 verbose url resolved https://registry.npmjs.org/socket.io
74 verbose request where is https://registry.npmjs.org/socket.io
75 info trying registry request attempt 1 at 08:52:24
76 verbose etag "79Q7PV36DVI5S7Y95L991KTSK"
77 http GET https://registry.npmjs.org/socket.io
78 verbose request where is /express
79 verbose request registry https://registry.npmjs.org/
80 verbose url raw /express
81 verbose url resolving [ 'https://registry.npmjs.org/', './express' ]
82 verbose url resolved https://registry.npmjs.org/express
83 verbose request where is https://registry.npmjs.org/express
84 info trying registry request attempt 1 at 08:52:24
85 verbose etag "DG4GOUXYEHJ453J6MCFCFWMPO"
86 http GET https://registry.npmjs.org/express
87 http 304 https://registry.npmjs.org/mongodb
88 silly registry.get cb [ 304,
88 silly registry.get   { date: 'Mon, 12 Oct 2015 08:52:24 GMT',
88 silly registry.get     via: '1.1 varnish',
88 silly registry.get     'cache-control': 'max-age=60',
88 silly registry.get     etag: '"3PY7TY7313TMI00UAX0V9FWBY"',
88 silly registry.get     age: '19',
88 silly registry.get     connection: 'keep-alive',
88 silly registry.get     'x-served-by': 'cache-hkg6822-HKG',
88 silly registry.get     'x-cache': 'HIT',
88 silly registry.get     'x-cache-hits': '1',
88 silly registry.get     'x-timer': 'S1444639944.146728,VS0,VE2',
88 silly registry.get     vary: 'Accept' } ]
89 verbose etag https://registry.npmjs.org/mongodb from cache
90 http 304 https://registry.npmjs.org/socket.io
91 silly registry.get cb [ 304,
91 silly registry.get   { date: 'Mon, 12 Oct 2015 08:52:24 GMT',
91 silly registry.get     via: '1.1 varnish',
91 silly registry.get     'cache-control': 'max-age=60',
91 silly registry.get     etag: '"79Q7PV36DVI5S7Y95L991KTSK"',
91 silly registry.get     age: '48',
91 silly registry.get     connection: 'keep-alive',
91 silly registry.get     'x-served-by': 'cache-hkg6825-HKG',
91 silly registry.get     'x-cache': 'HIT',
91 silly registry.get     'x-cache-hits': '1',
91 silly registry.get     'x-timer': 'S1444639944.169877,VS0,VE1',
91 silly registry.get     vary: 'Accept' } ]
92 verbose etag https://registry.npmjs.org/socket.io from cache
93 silly addNameRange number 2 { name: 'mongodb', range: '>=2.6.9-0 <2.7.0-0', hasData: true }
94 silly addNameRange versions [ 'mongodb',
94 silly addNameRange   [ '0.9.4',
94 silly addNameRange     '0.9.4-4',
94 silly addNameRange     '0.9.3',
94 silly addNameRange     '0.9.1',
94 silly addNameRange     '0.9.2',
94 silly addNameRange     '0.9.6-7',
94 silly addNameRange     '0.9.6-8',
94 silly addNameRange     '0.9.6-9',
94 silly addNameRange     '0.9.6-10',
94 silly addNameRange     '0.9.6-11',
94 silly addNameRange     '0.9.6-12',
94 silly addNameRange     '0.9.6-13',
94 silly addNameRange     '0.9.6-14',
94 silly addNameRange     '0.9.6-15',
94 silly addNameRange     '0.9.6-16',
94 silly addNameRange     '0.9.6-17',
94 silly addNameRange     '0.9.6-18',
94 silly addNameRange     '0.9.6-19',
94 silly addNameRange     '0.9.6-20',
94 silly addNameRange     '0.9.6-21',
94 silly addNameRange     '0.9.6-22',
94 silly addNameRange     '0.9.6-23',
94 silly addNameRange     '0.9.7',
94 silly addNameRange     '0.9.7-0',
94 silly addNameRange     '0.9.7-1',
94 silly addNameRange     '0.9.7-1.1',
94 silly addNameRange     '0.9.7-1.2',
94 silly addNameRange     '0.9.7-1.3',
94 silly addNameRange     '0.9.7-1.4',
94 silly addNameRange     '0.9.7-2',
94 silly addNameRange     '0.9.7-2-1',
94 silly addNameRange     '0.9.7-2-2',
94 silly addNameRange     '0.9.7-2-3',
94 silly addNameRange     '0.9.7-2-4',
94 silly addNameRange     '0.9.7-2-5',
94 silly addNameRange     '0.9.7-3',
94 silly addNameRange     '0.9.7-3-1',
94 silly addNameRange     '0.9.7-3-2',
94 silly addNameRange     '0.9.7-3-3',
94 silly addNameRange     '0.9.7-3-4',
94 silly addNameRange     '0.9.7-3-5',
94 silly addNameRange     '0.9.8',
94 silly addNameRange     '0.9.8-1',
94 silly addNameRange     '0.9.8-2',
94 silly addNameRange     '0.9.8-3',
94 silly addNameRange     '0.9.8-4',
94 silly addNameRange     '0.9.8-5',
94 silly addNameRange     '0.9.8-6',
94 silly addNameRange     '0.9.8-7',
94 silly addNameRange     '0.9.9',
94 silly addNameRange     '0.9.9-1',
94 silly addNameRange     '0.9.9-2',
94 silly addNameRange     '0.9.9-3',
94 silly addNameRange     '0.9.9-4',
94 silly addNameRange     '0.9.9-5',
94 silly addNameRange     '0.9.9-6',
94 silly addNameRange     '0.9.9-7',
94 silly addNameRange     '0.9.9-8',
94 silly addNameRange     '1.0.0',
94 silly addNameRange     '1.0.1',
94 silly addNameRange     '1.0.2',
94 silly addNameRange     '1.1.0-beta',
94 silly addNameRange     '1.1.0',
94 silly addNameRange     '1.1.1',
94 silly addNameRange     '1.1.2',
94 silly addNameRange     '1.1.3',
94 silly addNameRange     '1.1.4',
94 silly addNameRange     '1.1.5',
94 silly addNameRange     '1.1.6',
94 silly addNameRange     '1.1.7',
94 silly addNameRange     '1.1.8',
94 silly addNameRange     '1.1.9',
94 silly addNameRange     '1.1.10',
94 silly addNameRange     '1.1.11',
94 silly addNameRange     '1.2.0',
94 silly addNameRange     '1.2.1',
94 silly addNameRange     '1.2.2',
94 silly addNameRange     '1.2.3',
94 silly addNameRange     '1.2.4',
94 silly addNameRange     '1.2.5',
94 silly addNameRange     '1.2.6',
94 silly addNameRange     '1.2.7',
94 silly addNameRange     '1.2.8',
94 silly addNameRange     '1.2.9',
94 silly addNameRange     '1.2.10',
94 silly addNameRange     '1.2.11',
94 silly addNameRange     '1.2.12',
94 silly addNameRange     '1.2.13',
94 silly addNameRange     '1.2.14',
94 silly addNameRange     '1.3.0',
94 silly addNameRange     '1.3.1',
94 silly addNameRange     '1.3.2',
94 silly addNameRange     '1.3.3',
94 silly addNameRange     '1.3.4',
94 silly addNameRange     '1.3.5',
94 silly addNameRange     '1.3.6',
94 silly addNameRange     '1.3.7',
94 silly addNameRange     '1.3.8',
94 silly addNameRange     '1.3.9',
94 silly addNameRange     '1.3.10',
94 silly addNameRange     '1.3.11',
94 silly addNameRange     '1.3.12',
94 silly addNameRange     '1.3.14',
94 silly addNameRange     '1.3.15',
94 silly addNameRange     '1.3.17',
94 silly addNameRange     '1.3.18',
94 silly addNameRange     '1.3.19',
94 silly addNameRange     '1.4.0-rc2',
94 silly addNameRange     '1.3.20',
94 silly addNameRange     '1.4.0-rc3',
94 silly addNameRange     '1.3.21',
94 silly addNameRange     '1.3.22',
94 silly addNameRange     '1.3.23',
94 silly addNameRange     '1.4.0-rc4',
94 silly addNameRange     '1.4.0-rc5',
94 silly addNameRange     '1.4.0-rc6',
94 silly addNameRange     '1.4.0-rc7',
94 silly addNameRange     '1.4.0-rc8',
94 silly addNameRange     '1.4.0-rc9',
94 silly addNameRange     '1.4.0-rc10',
94 silly addNameRange     '1.4.0',
94 silly addNameRange     '1.4.1',
94 silly addNameRange     '1.4.2',
94 silly addNameRange     '1.4.3',
94 silly addNameRange     '1.4.4',
94 silly addNameRange     '1.4.5',
94 silly addNameRange     '1.4.6',
94 silly addNameRange     '1.4.7',
94 silly addNameRange     '1.4.8',
94 silly addNameRange     '1.4.9',
94 silly addNameRange     '1.4.10',
94 silly addNameRange     '2.0.0-alpha1',
94 silly addNameRange     '1.4.11',
94 silly addNameRange     '1.4.12',
94 silly addNameRange     '1.4.14',
94 silly addNameRange     '1.4.15',
94 silly addNameRange     '1.4.16',
94 silly addNameRange     '1.4.17',
94 silly addNameRange     '2.0.0-alpha2',
94 silly addNameRange     '1.4.18',
94 silly addNameRange     '2.0.0',
94 silly addNameRange     '2.0.1',
94 silly addNameRange     '2.0.2',
94 silly addNameRange     '1.4.19',
94 silly addNameRange     '2.0.3',
94 silly addNameRange     '2.0.4',
94 silly addNameRange     '2.0.5',
94 silly addNameRange     '2.0.6',
94 silly addNameRange     '1.4.20',
94 silly addNameRange     '1.4.22',
94 silly addNameRange     '2.0.7',
94 silly addNameRange     '2.0.8',
94 silly addNameRange     '2.0.9',
94 silly addNameRange     '1.4.23',
94 silly addNameRange     '2.0.10',
94 silly addNameRange     '1.4.24',
94 silly addNameRange     '2.0.11',
94 silly addNameRange     '1.4.25',
94 silly addNameRange     '2.0.12',
94 silly addNameRange     '1.4.26',
94 silly addNameRange     '1.4.27',
94 silly addNameRange     '1.4.28',
94 silly addNameRange     '2.0.13',
94 silly addNameRange     '2.0.14',
94 silly addNameRange     '1.4.29',
94 silly addNameRange     '2.0.15',
94 silly addNameRange     '1.4.30',
94 silly addNameRange     '2.0.16',
94 silly addNameRange     '1.4.31',
94 silly addNameRange     '2.0.17',
94 silly addNameRange     '1.4.32',
94 silly addNameRange     '2.0.18',
94 silly addNameRange     '2.0.19',
94 silly addNameRange     '1.4.33',
94 silly addNameRange     '2.0.20',
94 silly addNameRange     '2.0.21',
94 silly addNameRange     '1.4.34',
94 silly addNameRange     '2.0.22',
94 silly addNameRange     '2.0.23',
94 silly addNameRange     '1.4.35',
94 silly addNameRange     '2.0.24',
94 silly addNameRange     '2.0.25',
94 silly addNameRange     '2.0.26',
94 silly addNameRange     '2.0.27',
94 silly addNameRange     '2.0.28',
94 silly addNameRange     '2.0.29',
94 silly addNameRange     '1.4.36',
94 silly addNameRange     '2.0.30',
94 silly addNameRange     '1.4.37',
94 silly addNameRange     '2.0.31',
94 silly addNameRange     '1.4.38',
94 silly addNameRange     '2.0.32',
94 silly addNameRange     '2.0.33',
94 silly addNameRange     '2.1.0-alpha',
94 silly addNameRange     '2.0.34',
94 silly addNameRange     '2.0.35',
94 silly addNameRange     '2.0.36',
94 silly addNameRange     '2.0.37',
94 silly addNameRange     '2.0.38',
94 silly addNameRange     '2.0.39',
94 silly addNameRange     '1.4.39',
94 silly addNameRange     '2.0.40',
94 silly addNameRange     '2.0.41',
94 silly addNameRange     '2.0.42',
94 silly addNameRange     '2.0.43',
94 silly addNameRange     '2.0.44',
94 silly addNameRange     '2.0.45' ] ]
95 silly lockFile 695b85d8-mongodb-2-6-9 mongodb@~2.6.9
96 silly lockFile 695b85d8-mongodb-2-6-9 mongodb@~2.6.9
97 http 304 https://registry.npmjs.org/async
98 silly registry.get cb [ 304,
98 silly registry.get   { date: 'Mon, 12 Oct 2015 08:52:24 GMT',
98 silly registry.get     via: '1.1 varnish',
98 silly registry.get     'cache-control': 'max-age=60',
98 silly registry.get     etag: '"9JE9CN171O471IETS1S5ZBSI8"',
98 silly registry.get     age: '34',
98 silly registry.get     connection: 'keep-alive',
98 silly registry.get     'x-served-by': 'cache-hkg6823-HKG',
98 silly registry.get     'x-cache': 'HIT',
98 silly registry.get     'x-cache-hits': '226',
98 silly registry.get     'x-timer': 'S1444639944.205367,VS0,VE0',
98 silly registry.get     vary: 'Accept' } ]
99 verbose etag https://registry.npmjs.org/async from cache
100 silly addNameRange number 2 { name: 'socket.io', range: '>=1.3.7-0 <1.4.0-0', hasData: true }
101 silly addNameRange versions [ 'socket.io',
101 silly addNameRange   [ '0.3.8',
101 silly addNameRange     '0.4.0',
101 silly addNameRange     '0.4.1',
101 silly addNameRange     '0.5.1',
101 silly addNameRange     '0.5.3',
101 silly addNameRange     '0.6.0',
101 silly addNameRange     '0.6.1',
101 silly addNameRange     '0.6.3',
101 silly addNameRange     '0.6.4',
101 silly addNameRange     '0.6.5',
101 silly addNameRange     '0.6.6',
101 silly addNameRange     '0.6.7',
101 silly addNameRange     '0.6.8',
101 silly addNameRange     '0.6.9',
101 silly addNameRange     '0.6.10',
101 silly addNameRange     '0.6.11',
101 silly addNameRange     '0.6.12',
101 silly addNameRange     '0.6.14',
101 silly addNameRange     '0.6.15',
101 silly addNameRange     '0.6.16',
101 silly addNameRange     '0.6.17',
101 silly addNameRange     '0.6.18',
101 silly addNameRange     '0.7.0',
101 silly addNameRange     '0.7.1',
101 silly addNameRange     '0.7.2',
101 silly addNameRange     '0.7.3',
101 silly addNameRange     '0.7.4',
101 silly addNameRange     '0.7.5',
101 silly addNameRange     '0.7.6',
101 silly addNameRange     '0.7.7',
101 silly addNameRange     '0.7.8',
101 silly addNameRange     '0.7.9',
101 silly addNameRange     '0.7.10',
101 silly addNameRange     '0.7.11',
101 silly addNameRange     '0.8.0',
101 silly addNameRange     '0.8.1',
101 silly addNameRange     '0.8.2',
101 silly addNameRange     '0.8.3',
101 silly addNameRange     '0.8.4',
101 silly addNameRange     '0.8.5',
101 silly addNameRange     '0.8.6',
101 silly addNameRange     '0.8.7',
101 silly addNameRange     '0.9.0',
101 silly addNameRange     '0.9.1',
101 silly addNameRange     '0.9.1-1',
101 silly addNameRange     '0.9.2',
101 silly addNameRange     '0.9.3',
101 silly addNameRange     '0.9.4',
101 silly addNameRange     '0.9.5',
101 silly addNameRange     '0.9.6',
101 silly addNameRange     '0.9.7',
101 silly addNameRange     '0.9.8',
101 silly addNameRange     '0.9.9',
101 silly addNameRange     '0.9.10',
101 silly addNameRange     '0.9.11',
101 silly addNameRange     '0.9.12',
101 silly addNameRange     '0.9.13',
101 silly addNameRange     '0.9.14',
101 silly addNameRange     '0.9.15',
101 silly addNameRange     '0.9.16',
101 silly addNameRange     '1.0.0-pre',
101 silly addNameRange     '1.0.0-pre2',
101 silly addNameRange     '1.0.0-pre3',
101 silly addNameRange     '1.0.0-pre4',
101 silly addNameRange     '1.0.0-pre5',
101 silly addNameRange     '0.9.17',
101 silly addNameRange     '1.0.0',
101 silly addNameRange     '1.0.1',
101 silly addNameRange     '1.0.2',
101 silly addNameRange     '1.0.3',
101 silly addNameRange     '1.0.4',
101 silly addNameRange     '1.0.5',
101 silly addNameRange     '1.0.6',
101 silly addNameRange     '1.1.0',
101 silly addNameRange     '1.2.0',
101 silly addNameRange     '1.2.1',
101 silly addNameRange     '1.3.0',
101 silly addNameRange     '1.3.1',
101 silly addNameRange     '1.3.2',
101 silly addNameRange     '1.3.3',
101 silly addNameRange     '1.3.4',
101 silly addNameRange     '1.3.5',
101 silly addNameRange     '1.3.6',
101 silly addNameRange     '1.3.7' ] ]
102 verbose addNamed [ 'socket.io', '1.3.7' ]
103 verbose addNamed [ '1.3.7', '1.3.7' ]
104 silly lockFile 7ac77301-socket-io-1-3-7 socket.io@1.3.7
105 verbose lock socket.io@1.3.7 /home/ubuntu/.npm/7ac77301-socket-io-1-3-7.lock
106 silly addNameRange number 2 { name: 'async', range: '>=1.4.2-0 <1.5.0-0', hasData: true }
107 silly addNameRange versions [ 'async',
107 silly addNameRange   [ '0.1.0',
107 silly addNameRange     '0.1.1',
107 silly addNameRange     '0.1.2',
107 silly addNameRange     '0.1.3',
107 silly addNameRange     '0.1.4',
107 silly addNameRange     '0.1.5',
107 silly addNameRange     '0.1.6',
107 silly addNameRange     '0.1.7',
107 silly addNameRange     '0.1.8',
107 silly addNameRange     '0.1.9',
107 silly addNameRange     '0.1.10',
107 silly addNameRange     '0.1.11',
107 silly addNameRange     '0.1.12',
107 silly addNameRange     '0.1.13',
107 silly addNameRange     '0.1.14',
107 silly addNameRange     '0.1.15',
107 silly addNameRange     '0.1.16',
107 silly addNameRange     '0.1.17',
107 silly addNameRange     '0.1.18',
107 silly addNameRange     '0.1.19',
107 silly addNameRange     '0.1.20',
107 silly addNameRange     '0.1.21',
107 silly addNameRange     '0.1.22',
107 silly addNameRange     '0.2.0',
107 silly addNameRange     '0.2.1',
107 silly addNameRange     '0.2.2',
107 silly addNameRange     '0.2.3',
107 silly addNameRange     '0.2.4',
107 silly addNameRange     '0.2.5',
107 silly addNameRange     '0.2.6',
107 silly addNameRange     '0.2.7',
107 silly addNameRange     '0.2.8',
107 silly addNameRange     '0.2.9',
107 silly addNameRange     '0.2.10',
107 silly addNameRange     '0.3.0',
107 silly addNameRange     '0.4.0',
107 silly addNameRange     '0.4.1',
107 silly addNameRange     '0.5.0',
107 silly addNameRange     '0.6.0',
107 silly addNameRange     '0.6.1',
107 silly addNameRange     '0.6.2',
107 silly addNameRange     '0.7.0',
107 silly addNameRange     '0.8.0',
107 silly addNameRange     '0.9.0',
107 silly addNameRange     '0.9.2',
107 silly addNameRange     '1.0.0',
107 silly addNameRange     '1.1.0',
107 silly addNameRange     '1.2.0',
107 silly addNameRange     '1.1.1',
107 silly addNameRange     '1.2.1',
107 silly addNameRange     '1.3.0',
107 silly addNameRange     '1.4.0',
107 silly addNameRange     '1.4.1',
107 silly addNameRange     '1.4.2' ] ]
108 verbose addNamed [ 'async', '1.4.2' ]
109 verbose addNamed [ '1.4.2', '1.4.2' ]
110 silly lockFile e1acc90e-async-1-4-2 async@1.4.2
111 verbose lock async@1.4.2 /home/ubuntu/.npm/e1acc90e-async-1-4-2.lock
112 silly lockFile 7ac77301-socket-io-1-3-7 socket.io@1.3.7
113 silly lockFile 7ac77301-socket-io-1-3-7 socket.io@1.3.7
114 silly lockFile 7be0b783-socket-io-1-3-7 socket.io@~1.3.7
115 silly lockFile 7be0b783-socket-io-1-3-7 socket.io@~1.3.7
116 silly lockFile e1acc90e-async-1-4-2 async@1.4.2
117 silly lockFile e1acc90e-async-1-4-2 async@1.4.2
118 silly lockFile bb9d088e-async-1-4-2 async@~1.4.2
119 silly lockFile bb9d088e-async-1-4-2 async@~1.4.2
120 http 304 https://registry.npmjs.org/express
121 silly registry.get cb [ 304,
121 silly registry.get   { date: 'Mon, 12 Oct 2015 08:52:24 GMT',
121 silly registry.get     via: '1.1 varnish',
121 silly registry.get     'cache-control': 'max-age=60',
121 silly registry.get     etag: '"DG4GOUXYEHJ453J6MCFCFWMPO"',
121 silly registry.get     age: '0',
121 silly registry.get     connection: 'keep-alive',
121 silly registry.get     'x-served-by': 'cache-hkg6824-HKG',
121 silly registry.get     'x-cache': 'HIT',
121 silly registry.get     'x-cache-hits': '1',
121 silly registry.get     'x-timer': 'S1444639944.185423,VS0,VE170',
121 silly registry.get     vary: 'Accept' } ]
122 verbose etag https://registry.npmjs.org/express from cache
123 silly addNameRange number 2 { name: 'express', range: '>=4.13.3-0 <4.14.0-0', hasData: true }
124 silly addNameRange versions [ 'express',
124 silly addNameRange   [ '0.14.0',
124 silly addNameRange     '0.14.1',
124 silly addNameRange     '1.0.0',
124 silly addNameRange     '1.0.1',
124 silly addNameRange     '1.0.2',
124 silly addNameRange     '1.0.3',
124 silly addNameRange     '1.0.4',
124 silly addNameRange     '1.0.5',
124 silly addNameRange     '1.0.6',
124 silly addNameRange     '1.0.7',
124 silly addNameRange     '1.0.8',
124 silly addNameRange     '2.0.0',
124 silly addNameRange     '2.1.0',
124 silly addNameRange     '2.1.1',
124 silly addNameRange     '2.2.0',
124 silly addNameRange     '2.2.1',
124 silly addNameRange     '2.2.2',
124 silly addNameRange     '2.3.0',
124 silly addNameRange     '2.3.1',
124 silly addNameRange     '2.3.2',
124 silly addNameRange     '2.3.3',
124 silly addNameRange     '2.3.4',
124 silly addNameRange     '2.3.5',
124 silly addNameRange     '2.3.6',
124 silly addNameRange     '2.3.7',
124 silly addNameRange     '2.3.8',
124 silly addNameRange     '2.3.9',
124 silly addNameRange     '2.3.10',
124 silly addNameRange     '2.3.11',
124 silly addNameRange     '2.3.12',
124 silly addNameRange     '2.4.0',
124 silly addNameRange     '2.4.1',
124 silly addNameRange     '2.4.2',
124 silly addNameRange     '2.4.3',
124 silly addNameRange     '2.4.4',
124 silly addNameRange     '2.4.5',
124 silly addNameRange     '2.4.6',
124 silly addNameRange     '2.4.7',
124 silly addNameRange     '2.5.0',
124 silly addNameRange     '2.5.1',
124 silly addNameRange     '2.5.2',
124 silly addNameRange     '2.5.3',
124 silly addNameRange     '2.5.4',
124 silly addNameRange     '2.5.5',
124 silly addNameRange     '2.5.6',
124 silly addNameRange     '2.5.7',
124 silly addNameRange     '2.5.8',
124 silly addNameRange     '2.5.9',
124 silly addNameRange     '2.5.10',
124 silly addNameRange     '2.5.11',
124 silly addNameRange     '3.0.0',
124 silly addNameRange     '3.0.1',
124 silly addNameRange     '3.0.2',
124 silly addNameRange     '3.0.3',
124 silly addNameRange     '3.0.4',
124 silly addNameRange     '3.0.5',
124 silly addNameRange     '3.0.6',
124 silly addNameRange     '3.1.0',
124 silly addNameRange     '3.1.1',
124 silly addNameRange     '3.1.2',
124 silly addNameRange     '3.2.0',
124 silly addNameRange     '3.2.1',
124 silly addNameRange     '3.2.2',
124 silly addNameRange     '3.2.3',
124 silly addNameRange     '3.2.4',
124 silly addNameRange     '3.2.5',
124 silly addNameRange     '3.2.6',
124 silly addNameRange     '3.3.0',
124 silly addNameRange     '3.3.1',
124 silly addNameRange     '3.3.2',
124 silly addNameRange     '3.3.3',
124 silly addNameRange     '3.3.4',
124 silly addNameRange     '3.3.5',
124 silly addNameRange     '3.3.6',
124 silly addNameRange     '1.0.0-beta',
124 silly addNameRange     '1.0.0-beta2',
124 silly addNameRange     '1.0.0-rc',
124 silly addNameRange     '1.0.0-rc2',
124 silly addNameRange     '1.0.0-rc3',
124 silly addNameRange     '1.0.0-rc4',
124 silly addNameRange     '2.0.0-beta',
124 silly addNameRange     '2.0.0-beta2',
124 silly addNameRange     '2.0.0-beta3',
124 silly addNameRange     '2.0.0-rc',
124 silly addNameRange     '2.0.0-rc2',
124 silly addNameRange     '2.0.0-rc3',
124 silly addNameRange     '3.0.0-alpha1',
124 silly addNameRange     '3.0.0-alpha2',
124 silly addNameRange     '3.0.0-alpha3',
124 silly addNameRange     '3.0.0-alpha4',
124 silly addNameRange     '3.0.0-alpha5',
124 silly addNameRange     '3.0.0-beta1',
124 silly addNameRange     '3.0.0-beta2',
124 silly addNameRange     '3.0.0-beta3',
124 silly addNameRange     '3.0.0-beta4',
124 silly addNameRange     '3.0.0-beta6',
124 silly addNameRange     '3.0.0-beta7',
124 silly addNameRange     '3.0.0-rc1',
124 silly addNameRange     '3.0.0-rc2',
124 silly addNameRange     '3.0.0-rc3',
124 silly addNameRange     '3.0.0-rc4',
124 silly addNameRange     '3.0.0-rc5',
124 silly addNameRange     '3.3.7',
124 silly addNameRange     '3.3.8',
124 silly addNameRange     '3.4.0',
124 silly addNameRange     '3.4.1',
124 silly addNameRange     '3.4.2',
124 silly addNameRange     '3.4.3',
124 silly addNameRange     '3.4.4',
124 silly addNameRange     '3.4.5',
124 silly addNameRange     '3.4.6',
124 silly addNameRange     '3.4.7',
124 silly addNameRange     '3.4.8',
124 silly addNameRange     '4.0.0-rc1',
124 silly addNameRange     '4.0.0-rc2',
124 silly addNameRange     '3.5.0',
124 silly addNameRange     '4.0.0-rc3',
124 silly addNameRange     '4.0.0-rc4',
124 silly addNameRange     '3.5.1',
124 silly addNameRange     '4.0.0',
124 silly addNameRange     '3.5.2',
124 silly addNameRange     '4.1.0',
124 silly addNameRange     '4.1.1',
124 silly addNameRange     '3.5.3',
124 silly addNameRange     '4.1.2',
124 silly addNameRange     '3.6.0',
124 silly addNameRange     '4.2.0',
124 silly addNameRange     '3.7.0',
124 silly addNameRange     '3.8.0',
124 silly addNameRange     '4.3.0',
124 silly addNameRange     '4.3.1',
124 silly addNameRange     '3.8.1',
124 silly addNameRange     '4.3.2',
124 silly addNameRange     '3.9.0',
124 silly addNameRange     '4.4.0',
124 silly addNameRange     '4.4.1',
124 silly addNameRange     '3.10.0',
124 silly addNameRange     '3.10.1',
124 silly addNameRange     '3.10.2',
124 silly addNameRange     '3.10.3',
124 silly addNameRange     '3.10.4',
124 silly addNameRange     '4.4.2',
124 silly addNameRange     '3.10.5',
124 silly addNameRange     '4.4.3',
124 silly addNameRange     '3.11.0',
124 silly addNameRange     '4.4.4',
124 silly addNameRange     '3.12.0',
124 silly addNameRange     '3.12.1',
124 silly addNameRange     '4.4.5',
124 silly addNameRange     '3.13.0',
124 silly addNameRange     '4.5.0',
124 silly addNameRange     '4.5.1',
124 silly addNameRange     '3.14.0',
124 silly addNameRange     '4.6.0',
124 silly addNameRange     '4.6.1',
124 silly addNameRange     '3.15.0',
124 silly addNameRange     '4.7.0',
124 silly addNameRange     '3.15.1',
124 silly addNameRange     '4.7.1',
124 silly addNameRange     '3.15.2',
124 silly addNameRange     '4.7.2',
124 silly addNameRange     '4.7.3',
124 silly addNameRange     '3.15.3',
124 silly addNameRange     '4.7.4',
124 silly addNameRange     '3.16.0',
124 silly addNameRange     '4.8.0',
124 silly addNameRange     '3.16.1',
124 silly addNameRange     '4.8.1',
124 silly addNameRange     '3.16.2',
124 silly addNameRange     '4.8.2',
124 silly addNameRange     '3.16.3',
124 silly addNameRange     '3.16.4',
124 silly addNameRange     '4.8.3',
124 silly addNameRange     '3.16.5',
124 silly addNameRange     '3.16.6',
124 silly addNameRange     '4.8.4',
124 silly addNameRange     '3.16.7',
124 silly addNameRange     '4.8.5',
124 silly addNameRange     '3.16.8',
124 silly addNameRange     '4.8.6',
124 silly addNameRange     '3.16.9',
124 silly addNameRange     '4.8.7',
124 silly addNameRange     '3.16.10',
124 silly addNameRange     '4.8.8',
124 silly addNameRange     '3.17.0',
124 silly addNameRange     '3.17.1',
124 silly addNameRange     '4.9.0',
124 silly addNameRange     '3.17.2',
124 silly addNameRange     '4.9.1',
124 silly addNameRange     '4.9.2',
124 silly addNameRange     '3.17.3',
124 silly addNameRange     '4.9.3',
124 silly addNameRange     '3.17.4',
124 silly addNameRange     '4.9.4',
124 silly addNameRange     '3.17.5',
124 silly addNameRange     '4.9.5',
124 silly addNameRange     '3.17.6',
124 silly addNameRange     '3.17.7',
124 silly addNameRange     '4.9.6',
124 silly addNameRange     '4.9.7',
124 silly addNameRange     '3.17.8',
124 silly addNameRange     '4.9.8',
124 silly addNameRange     '3.18.0',
124 silly addNameRange     '3.18.1',
124 silly addNameRange     '4.10.0',
124 silly addNameRange     '3.18.2',
124 silly addNameRange     '4.10.1',
124 silly addNameRange     '5.0.0-alpha.1',
124 silly addNameRange     '3.18.3',
124 silly addNameRange     '4.10.2',
124 silly addNameRange     '3.18.4',
124 silly addNameRange     '4.10.3',
124 silly addNameRange     '4.10.4',
124 silly addNameRange     '4.10.5',
124 silly addNameRange     '3.18.5',
124 silly addNameRange     '3.18.6',
124 silly addNameRange     '4.10.6',
124 silly addNameRange     '4.10.7',
124 silly addNameRange     '3.19.0',
124 silly addNameRange     '4.10.8',
124 silly addNameRange     '4.11.0',
124 silly addNameRange     '3.19.1',
124 silly addNameRange     '4.11.1',
124 silly addNameRange     '3.19.2',
124 silly addNameRange     '4.11.2',
124 silly addNameRange     '3.20.0',
124 silly addNameRange     '4.12.0',
124 silly addNameRange     '3.20.1',
124 silly addNameRange     '4.12.1',
124 silly addNameRange     '4.12.2',
124 silly addNameRange     '3.20.2',
124 silly addNameRange     '4.12.3',
124 silly addNameRange     '3.20.3',
124 silly addNameRange     '4.12.4',
124 silly addNameRange     '3.21.0',
124 silly addNameRange     '4.13.0',
124 silly addNameRange     '3.21.1',
124 silly addNameRange     '4.13.1',
124 silly addNameRange     '5.0.0-alpha.2',
124 silly addNameRange     '3.21.2',
124 silly addNameRange     '4.13.2',
124 silly addNameRange     '4.13.3' ] ]
125 verbose addNamed [ 'express', '4.13.3' ]
126 verbose addNamed [ '4.13.3', '4.13.3' ]
127 silly lockFile 51f1744e-express-4-13-3 express@4.13.3
128 verbose lock express@4.13.3 /home/ubuntu/.npm/51f1744e-express-4-13-3.lock
129 silly lockFile 51f1744e-express-4-13-3 express@4.13.3
130 silly lockFile 51f1744e-express-4-13-3 express@4.13.3
131 silly lockFile 90e6d034-express-4-13-3 express@~4.13.3
132 silly lockFile 90e6d034-express-4-13-3 express@~4.13.3
133 error notarget No compatible version found: mongodb@'>=2.6.9-0 <2.7.0-0'
133 error notarget Valid install targets:
133 error notarget ["0.9.4","0.9.4-4","0.9.3","0.9.1","0.9.2","0.9.6-7","0.9.6-8","0.9.6-9","0.9.6-10","0.9.6-11","0.9.6-12","0.9.6-13","0.9.6-14","0.9.6-15","0.9.6-16","0.9.6-17","0.9.6-18","0.9.6-19","0.9.6-20","0.9.6-21","0.9.6-22","0.9.6-23","0.9.7","0.9.7-0","0.9.7-1","0.9.7-1.1","0.9.7-1.2","0.9.7-1.3","0.9.7-1.4","0.9.7-2","0.9.7-2-1","0.9.7-2-2","0.9.7-2-3","0.9.7-2-4","0.9.7-2-5","0.9.7-3","0.9.7-3-1","0.9.7-3-2","0.9.7-3-3","0.9.7-3-4","0.9.7-3-5","0.9.8","0.9.8-1","0.9.8-2","0.9.8-3","0.9.8-4","0.9.8-5","0.9.8-6","0.9.8-7","0.9.9","0.9.9-1","0.9.9-2","0.9.9-3","0.9.9-4","0.9.9-5","0.9.9-6","0.9.9-7","0.9.9-8","1.0.0","1.0.1","1.0.2","1.1.0-beta","1.1.0","1.1.1","1.1.2","1.1.3","1.1.4","1.1.5","1.1.6","1.1.7","1.1.8","1.1.9","1.1.10","1.1.11","1.2.0","1.2.1","1.2.2","1.2.3","1.2.4","1.2.5","1.2.6","1.2.7","1.2.8","1.2.9","1.2.10","1.2.11","1.2.12","1.2.13","1.2.14","1.3.0","1.3.1","1.3.2","1.3.3","1.3.4","1.3.5","1.3.6","1.3.7","1.3.8","1.3.9","1.3.10","1.3.11","1.3.12","1.3.14","1.3.15","1.3.17","1.3.18","1.3.19","1.4.0-rc2","1.3.20","1.4.0-rc3","1.3.21","1.3.22","1.3.23","1.4.0-rc4","1.4.0-rc5","1.4.0-rc6","1.4.0-rc7","1.4.0-rc8","1.4.0-rc9","1.4.0-rc10","1.4.0","1.4.1","1.4.2","1.4.3","1.4.4","1.4.5","1.4.6","1.4.7","1.4.8","1.4.9","1.4.10","2.0.0-alpha1","1.4.11","1.4.12","1.4.14","1.4.15","1.4.16","1.4.17","2.0.0-alpha2","1.4.18","2.0.0","2.0.1","2.0.2","1.4.19","2.0.3","2.0.4","2.0.5","2.0.6","1.4.20","1.4.22","2.0.7","2.0.8","2.0.9","1.4.23","2.0.10","1.4.24","2.0.11","1.4.25","2.0.12","1.4.26","1.4.27","1.4.28","2.0.13","2.0.14","1.4.29","2.0.15","1.4.30","2.0.16","1.4.31","2.0.17","1.4.32","2.0.18","2.0.19","1.4.33","2.0.20","2.0.21","1.4.34","2.0.22","2.0.23","1.4.35","2.0.24","2.0.25","2.0.26","2.0.27","2.0.28","2.0.29","1.4.36","2.0.30","1.4.37","2.0.31","1.4.38","2.0.32","2.0.33","2.1.0-alpha","2.0.34","2.0.35","2.0.36","2.0.37","2.0.38","2.0.39","1.4.39","2.0.40","2.0.41","2.0.42","2.0.43","2.0.44","2.0.45"]
133 error notarget
133 error notarget This is most likely not a problem with npm itself.
133 error notarget In most cases you or one of your dependencies are requesting
133 error notarget a package version that doesn't exist.
134 error System Linux 3.14.13-c9
135 error command "/home/ubuntu/.nvm/v0.10.35/bin/node" "/home/ubuntu/.nvm/v0.10.35/bin/npm" "install"
136 error cwd /home/ubuntu/workspace
137 error node -v v0.10.35
138 error npm -v 1.4.28
139 error code ETARGET
140 verbose exit [ 1, true ]
